<?xml version="1.0" encoding="UTF-8"?>
<!-- Generated by org.testng.reporters.JUnitXMLReporter -->
<testsuite hostname="Rajeev" name="Test" tests="4" failures="1" timestamp="2 Sep 2020 05:50:56 GMT" time="15.398" errors="0">
  <testcase name="@AfterMethod tearDown" time="0.0" classname="inetBankingV2.inetBankingV2.ExtentReport">
    <failure type="java.lang.NullPointerException">
      <![CDATA[java.lang.NullPointerException
	at inetBankingV2.inetBankingV2.ExtentReport.getScreenShot(ExtentReport.java:85)
	at inetBankingV2.inetBankingV2.ExtentReport.tearDown(ExtentReport.java:98)
... Removed 26 stack frames]]>
    </failure>
  </testcase> <!-- @AfterMethod tearDown -->
  <testcase name="@BeforeMethod setup" time="0.0" classname="inetBankingV2.inetBankingV2.ExtentReport">
    <skipped/>
  </testcase> <!-- @BeforeMethod setup -->
  <testcase name="@AfterMethod tearDown" time="0.0" classname="inetBankingV2.inetBankingV2.ExtentReport">
    <skipped/>
  </testcase> <!-- @AfterMethod tearDown -->
  <testcase name="@BeforeClass setup" time="0.0" classname="com.inetBanking.testCase.TC_LoginTest_001">
    <failure type="org.testng.TestNGException" message="
Parameter &amp;apos;browser&amp;apos; is required by @Configuration on method setup but has not been marked @Optional or defined
in C:\New folder\java work space\inetBankingV2\testng.xml">
      <![CDATA[org.testng.TestNGException: 
Parameter 'browser' is required by @Configuration on method setup but has not been marked @Optional or defined
in C:\New folder\java work space\inetBankingV2\testng.xml
... Removed 21 stack frames]]>
    </failure>
  </testcase> <!-- @BeforeClass setup -->
  <testcase name="@AfterClass tearDown" time="0.0" classname="com.inetBanking.testCase.TC_LoginTest_001">
    <skipped/>
  </testcase> <!-- @AfterClass tearDown -->
  <testcase name="@BeforeClass setup" time="0.0" classname="com.inetBanking.testCase.TC_AddNewCustomer_002">
    <skipped/>
  </testcase> <!-- @BeforeClass setup -->
  <testcase name="@AfterClass tearDown" time="0.0" classname="com.inetBanking.testCase.TC_AddNewCustomer_002">
    <skipped/>
  </testcase> <!-- @AfterClass tearDown -->
  <testcase name="@AfterTest endReport" time="0.0" classname="inetBankingV2.inetBankingV2.ExtentReport">
    <skipped/>
  </testcase> <!-- @AfterTest endReport -->
  <testcase name="guruLoginTest" time="0.194" classname="inetBankingV2.inetBankingV2.ExtentReport">
    <failure type="java.lang.NullPointerException">
      <![CDATA[java.lang.NullPointerException
	at inetBankingV2.inetBankingV2.ExtentReport.guruLoginTest(ExtentReport.java:69)
... Removed 24 stack frames]]>
    </failure>
  </testcase> <!-- guruLoginTest -->
  <testcase name="guruLogoutTest" time="0.001" classname="inetBankingV2.inetBankingV2.ExtentReport">
    <skipped/>
  </testcase> <!-- guruLogoutTest -->
  <testcase name="loginTest" time="0.006" classname="com.inetBanking.testCase.TC_LoginTest_001">
    <skipped/>
  </testcase> <!-- loginTest -->
  <testcase name="AddCustomer" time="0.002" classname="com.inetBanking.testCase.TC_AddNewCustomer_002">
    <skipped/>
  </testcase> <!-- AddCustomer -->
</testsuite> <!-- Test -->
